# JRE version: OpenJDK Runtime Environment (11.0.11+9) (build 11.0.11+9-b60-7590822)
# Java VM: OpenJDK 64-Bit Server VM (11.0.11+9-b60-7590822, mixed mode, tiered, compressed oops, g1 gc, windows-amd64)
Heap:
 garbage-first heap   total 157696K, used 132328K [0x0000000080000000, 0x0000000100000000)
  region size 1024K, 5 young (5120K), 2 survivors (2048K)
 Metaspace       used 107513K, capacity 110430K, committed 110504K, reserved 1144832K
  class space    used 13786K, capacity 14820K, committed 14848K, reserved 1048576K
GC Heap History (20 events):
Event: 88.238 GC heap before
{Heap before GC invocations=53 (full 0):
 garbage-first heap   total 157696K, used 136831K [0x0000000080000000, 0x0000000100000000)
  region size 1024K, 16 young (16384K), 2 survivors (2048K)
 Metaspace       used 102601K, capacity 105312K, committed 105512K, reserved 1140736K
  class space    used 13222K, capacity 14160K, committed 14208K, reserved 1048576K
}
Event: 88.244 GC heap after
{Heap after GC invocations=54 (full 0):
 garbage-first heap   total 157696K, used 123630K [0x0000000080000000, 0x0000000100000000)
  region size 1024K, 1 young (1024K), 1 survivors (1024K)
 Metaspace       used 102601K, capacity 105312K, committed 105512K, reserved 1140736K
  class space    used 13222K, capacity 14160K, committed 14208K, reserved 1048576K
}
Event: 88.584 GC heap before
{Heap before GC invocations=54 (full 0):
 garbage-first heap   total 157696K, used 137966K [0x0000000080000000, 0x0000000100000000)
  region size 1024K, 15 young (15360K), 1 survivors (1024K)
 Metaspace       used 103701K, capacity 106432K, committed 106664K, reserved 1142784K
  class space    used 13362K, capacity 14320K, committed 14336K, reserved 1048576K
}
Event: 88.591 GC heap after
{Heap after GC invocations=55 (full 0):
 garbage-first heap   total 157696K, used 123834K [0x0000000080000000, 0x0000000100000000)
  region size 1024K, 2 young (2048K), 2 survivors (2048K)
 Metaspace       used 103701K, capacity 106432K, committed 106664K, reserved 1142784K
  class space    used 13362K, capacity 14320K, committed 14336K, reserved 1048576K
}
Event: 88.819 GC heap before
{Heap before GC invocations=56 (full 0):
 garbage-first heap   total 157696K, used 137146K [0x0000000080000000, 0x0000000100000000)
  region size 1024K, 15 young (15360K), 2 survivors (2048K)
 Metaspace       used 104678K, capacity 107360K, committed 107560K, reserved 1142784K
  class space    used 13468K, capacity 14416K, committed 14464K, reserved 1048576K
}
Event: 88.824 GC heap after
{Heap after GC invocations=57 (full 0):
 garbage-first heap   total 157696K, used 124557K [0x0000000080000000, 0x0000000100000000)
  region size 1024K, 2 young (2048K), 2 survivors (2048K)
 Metaspace       used 104678K, capacity 107360K, committed 107560K, reserved 1142784K
  class space    used 13468K, capacity 14416K, committed 14464K, reserved 1048576K
}
Event: 89.303 GC heap before
{Heap before GC invocations=57 (full 0):
 garbage-first heap   total 157696K, used 137869K [0x0000000080000000, 0x0000000100000000)
  region size 1024K, 15 young (15360K), 2 survivors (2048K)
 Metaspace       used 105511K, capacity 108166K, committed 108456K, reserved 1142784K
  class space    used 13574K, capacity 14513K, committed 14592K, reserved 1048576K
}
Event: 89.314 GC heap after
{Heap after GC invocations=58 (full 0):
 garbage-first heap   total 157696K, used 125291K [0x0000000080000000, 0x0000000100000000)
  region size 1024K, 2 young (2048K), 2 survivors (2048K)
 Metaspace       used 105511K, capacity 108166K, committed 108456K, reserved 1142784K
  class space    used 13574K, capacity 14513K, committed 14592K, reserved 1048576K
}
Event: 89.644 GC heap before
{Heap before GC invocations=59 (full 0):
 garbage-first heap   total 157696K, used 138603K [0x0000000080000000, 0x0000000100000000)
  region size 1024K, 15 young (15360K), 2 survivors (2048K)
 Metaspace       used 106368K, capacity 109054K, committed 109352K, reserved 1144832K
  class space    used 13667K, capacity 14616K, committed 14720K, reserved 1048576K
}
Event: 89.650 GC heap after
{Heap after GC invocations=60 (full 0):
 garbage-first heap   total 157696K, used 126596K [0x0000000080000000, 0x0000000100000000)
  region size 1024K, 2 young (2048K), 2 survivors (2048K)
 Metaspace       used 106368K, capacity 109054K, committed 109352K, reserved 1144832K
  class space    used 13667K, capacity 14616K, committed 14720K, reserved 1048576K
}
Event: 90.138 GC heap before
{Heap before GC invocations=60 (full 0):
 garbage-first heap   total 157696K, used 137860K [0x0000000080000000, 0x0000000100000000)
  region size 1024K, 13 young (13312K), 2 survivors (2048K)
 Metaspace       used 106685K, capacity 109305K, committed 109608K, reserved 1144832K
  class space    used 13688K, capacity 14651K, committed 14720K, reserved 1048576K
}
Event: 90.143 GC heap after
{Heap after GC invocations=61 (full 0):
 garbage-first heap   total 157696K, used 128075K [0x0000000080000000, 0x0000000100000000)
  region size 1024K, 2 young (2048K), 2 survivors (2048K)
 Metaspace       used 106685K, capacity 109305K, committed 109608K, reserved 1144832K
  class space    used 13688K, capacity 14651K, committed 14720K, reserved 1048576K
}
Event: 90.246 GC heap before
{Heap before GC invocations=61 (full 0):
 garbage-first heap   total 157696K, used 137291K [0x0000000080000000, 0x0000000100000000)
  region size 1024K, 11 young (11264K), 2 survivors (2048K)
 Metaspace       used 106776K, capacity 109436K, committed 109608K, reserved 1144832K
  class space    used 13688K, capacity 14651K, committed 14720K, reserved 1048576K
}
Event: 90.250 GC heap after
{Heap after GC invocations=62 (full 0):
 garbage-first heap   total 157696K, used 128659K [0x0000000080000000, 0x0000000100000000)
  region size 1024K, 1 young (1024K), 1 survivors (1024K)
 Metaspace       used 106776K, capacity 109436K, committed 109608K, reserved 1144832K
  class space    used 13688K, capacity 14651K, committed 14720K, reserved 1048576K
}
Event: 90.366 GC heap before
{Heap before GC invocations=62 (full 0):
 garbage-first heap   total 157696K, used 137875K [0x0000000080000000, 0x0000000100000000)
  region size 1024K, 10 young (10240K), 1 survivors (1024K)
 Metaspace       used 106828K, capacity 109565K, committed 109864K, reserved 1144832K
  class space    used 13688K, capacity 14651K, committed 14720K, reserved 1048576K
}
Event: 90.369 GC heap after
{Heap after GC invocations=63 (full 0):
 garbage-first heap   total 157696K, used 129195K [0x0000000080000000, 0x0000000100000000)
  region size 1024K, 2 young (2048K), 2 survivors (2048K)
 Metaspace       used 106828K, capacity 109565K, committed 109864K, reserved 1144832K
  class space    used 13688K, capacity 14651K, committed 14720K, reserved 1048576K
}
Event: 90.473 GC heap before
{Heap before GC invocations=64 (full 0):
 garbage-first heap   total 157696K, used 137387K [0x0000000080000000, 0x0000000100000000)
  region size 1024K, 10 young (10240K), 2 survivors (2048K)
 Metaspace       used 107278K, capacity 110244K, committed 110504K, reserved 1144832K
  class space    used 13759K, capacity 14781K, committed 14848K, reserved 1048576K
}
Event: 90.476 GC heap after
{Heap after GC invocations=65 (full 0):
 garbage-first heap   total 157696K, used 129896K [0x0000000080000000, 0x0000000100000000)
  region size 1024K, 2 young (2048K), 2 survivors (2048K)
 Metaspace       used 107278K, capacity 110244K, committed 110504K, reserved 1144832K
  class space    used 13759K, capacity 14781K, committed 14848K, reserved 1048576K
}
Event: 94.255 GC heap before
{Heap before GC invocations=65 (full 0):
 garbage-first heap   total 157696K, used 137064K [0x0000000080000000, 0x0000000100000000)
  region size 1024K, 10 young (10240K), 2 survivors (2048K)
 Metaspace       used 107503K, capacity 110430K, committed 110504K, reserved 1144832K
  class space    used 13786K, capacity 14820K, committed 14848K, reserved 1048576K
}
Event: 94.266 GC heap after
{Heap after GC invocations=66 (full 0):
 garbage-first heap   total 157696K, used 130280K [0x0000000080000000, 0x0000000100000000)
  region size 1024K, 2 young (2048K), 2 survivors (2048K)
 Metaspace       used 107503K, capacity 110430K, committed 110504K, reserved 1144832K
  class space    used 13786K, capacity 14820K, committed 14848K, reserved 1048576K
}

